0 info it worked if it ends with ok
1 verbose cli [ 'D:\\Program Files\\nodejs\\node.exe',
1 verbose cli   'C:\\Users\\yanlu_000\\AppData\\Roaming\\npm\\node_modules\\npm\\bin\\npm-cli.js',
1 verbose cli   'install',
1 verbose cli   'dist' ]
2 info using npm@2.15.12
3 info using node@v8.3.0
4 verbose install initial load of E:\Personal\electron\GPA_Calculator\app\package.json
5 verbose stack Error: Invalid name: "GPA Calculator"
5 verbose stack     at ensureValidName (C:\Users\yanlu_000\AppData\Roaming\npm\node_modules\npm\node_modules\normalize-package-data\lib\fixer.js:336:15)
5 verbose stack     at Object.fixNameField (C:\Users\yanlu_000\AppData\Roaming\npm\node_modules\npm\node_modules\normalize-package-data\lib\fixer.js:215:5)
5 verbose stack     at C:\Users\yanlu_000\AppData\Roaming\npm\node_modules\npm\node_modules\normalize-package-data\lib\normalize.js:32:38
5 verbose stack     at Array.forEach (<anonymous>)
5 verbose stack     at normalize (C:\Users\yanlu_000\AppData\Roaming\npm\node_modules\npm\node_modules\normalize-package-data\lib\normalize.js:31:15)
5 verbose stack     at final (C:\Users\yanlu_000\AppData\Roaming\npm\node_modules\npm\node_modules\read-package-json\read-json.js:349:5)
5 verbose stack     at then (C:\Users\yanlu_000\AppData\Roaming\npm\node_modules\npm\node_modules\read-package-json\read-json.js:124:5)
5 verbose stack     at ReadFileContext.<anonymous> (C:\Users\yanlu_000\AppData\Roaming\npm\node_modules\npm\node_modules\read-package-json\read-json.js:295:20)
5 verbose stack     at ReadFileContext.callback (C:\Users\yanlu_000\AppData\Roaming\npm\node_modules\npm\node_modules\graceful-fs\graceful-fs.js:78:16)
5 verbose stack     at FSReqWrap.readFileAfterOpen [as oncomplete] (fs.js:420:13)
6 verbose cwd E:\Personal\electron\GPA_Calculator\app
7 error Windows_NT 6.3.9600
8 error argv "D:\\Program Files\\nodejs\\node.exe" "C:\\Users\\yanlu_000\\AppData\\Roaming\\npm\\node_modules\\npm\\bin\\npm-cli.js" "install" "dist"
9 error node v8.3.0
10 error npm  v2.15.12
11 error Invalid name: "GPA Calculator"
12 error If you need help, you may report this error at:
12 error     <https://github.com/npm/npm/issues>
13 verbose exit [ 1, true ]
